<?xml version="1.0" encoding="utf-8"?><testsuites name="pytest tests"><testsuite name="pytest" errors="0" failures="1" skipped="0" tests="14" time="36.749" timestamp="2026-03-02T01:30:18.792702+00:00" hostname="agent-env-cfd972f0-d394-4839-9c0d-d83a372837a7"><testcase classname="backend.tests.test_kie_endpoints.TestKieTestConnection" name="test_test_connection_returns_credits" time="0.291" /><testcase classname="backend.tests.test_kie_endpoints.TestKlingMotion" name="test_kling_motion_endpoint_exists" time="0.254" /><testcase classname="backend.tests.test_kie_endpoints.TestKlingMotion" name="test_kling_motion_with_1080p_mode" time="0.227"><failure message="AssertionError: assert 'taskId' in {'detail': 'Credits insufficient : Your current balance isn’t enough to run this request. Please top up to continue.'}">backend/tests/test_kie_endpoints.py:65: in test_kling_motion_with_1080p_mode
    assert "taskId" in data
E   AssertionError: assert 'taskId' in {'detail': 'Credits insufficient : Your current balance isn’t enough to run this request. Please top up to continue.'}</failure></testcase><testcase classname="backend.tests.test_kie_endpoints.TestKlingStatus" name="test_kling_status_endpoint_exists" time="0.160" /><testcase classname="backend.tests.test_kie_endpoints.TestKieUploadFile" name="test_upload_image_file" time="1.630" /><testcase classname="backend.tests.test_kie_endpoints.TestKieGenerateText" name="test_generate_text_with_gemini_flash" time="17.432" /><testcase classname="backend.tests.test_kie_endpoints.TestKieGenerateText" name="test_generate_text_with_system_prompt" time="16.660" /><testcase classname="backend.tests.test_kie_endpoints.TestSettings" name="test_get_settings" time="0.003" /><testcase classname="backend.tests.test_kie_endpoints.TestSettings" name="test_save_settings_with_kie_provider" time="0.003" /><testcase classname="backend.tests.test_kie_endpoints.TestSettings" name="test_save_settings_with_gemini_provider" time="0.002" /><testcase classname="backend.tests.test_kie_endpoints.TestHealthAndBasicEndpoints" name="test_health_endpoint" time="0.002" /><testcase classname="backend.tests.test_kie_endpoints.TestHealthAndBasicEndpoints" name="test_characters_list" time="0.002" /><testcase classname="backend.tests.test_kie_endpoints.TestHealthAndBasicEndpoints" name="test_storyboards_list" time="0.002" /><testcase classname="backend.tests.test_kie_endpoints.TestHealthAndBasicEndpoints" name="test_media_list" time="0.002" /></testsuite></testsuites>